2021-06-29 06:17:32 - ERROR - InvalidSecretKey in 0 on line 0
2021-06-29 06:17:32 - ERROR - "GET / HTTP/1.1" 500 974852
2021-06-29 06:21:52 - ERROR - InvalidSecretKey in 0 on line 0
2021-06-29 06:21:52 - ERROR - "GET / HTTP/1.1" 500 974852
2021-06-29 06:22:23 - INFO - "GET / HTTP/1.1" 200 1219
2021-06-29 06:22:23 - INFO - "GET /static/style.css HTTP/1.1" 200 648
2021-06-29 06:22:23 - INFO - "GET /favicon.ico HTTP/1.1" 200 1739
2021-06-29 06:26:11 - INFO - "GET / HTTP/1.1" 200 0
2021-06-29 06:26:11 - INFO - "GET /favicon.ico HTTP/1.1" 200 1739
2021-06-29 06:26:11 - INFO - "GET / HTTP/1.1" 200 0
2021-06-29 06:26:11 - INFO - "GET /favicon.ico HTTP/1.1" 200 1739
2021-06-29 06:26:11 - INFO - "GET / HTTP/1.1" 200 0
2021-06-29 06:26:11 - INFO - "GET /favicon.ico HTTP/1.1" 200 1739
2021-06-29 06:26:11 - INFO - "GET / HTTP/1.1" 200 5
2021-06-29 06:26:11 - INFO - "GET /favicon.ico HTTP/1.1" 200 1739
2021-06-29 06:26:11 - INFO - "GET / HTTP/1.1" 200 3566
2021-06-29 06:26:11 - WARNING - "GET /assets/docs/master/image-01.jpg HTTP/1.1" 404 1536
2021-06-29 06:26:11 - INFO - "GET /favicon.ico HTTP/1.1" 200 1739
2021-06-29 06:26:11 - INFO - "GET / HTTP/1.1" 200 3566
2021-06-29 06:26:11 - WARNING - "GET /assets/docs/master/image-01.jpg HTTP/1.1" 404 1536
2021-06-29 06:26:11 - INFO - "GET /favicon.ico HTTP/1.1" 200 1739
2021-06-29 06:28:34 - ERROR - TemplateSyntaxError in /home/ellite/code/labs/nepse/resources/templates/front/index.html on line 1
2021-06-29 06:28:34 - ERROR - "GET / HTTP/1.1" 500 1088757
2021-06-29 06:33:03 - ERROR - TemplateNotFound in 0 on line 0
2021-06-29 06:33:03 - ERROR - "GET / HTTP/1.1" 500 1056386
2021-06-29 06:53:19 - ERROR - ViewException in 0 on line 0
2021-06-29 06:53:19 - ERROR - "GET / HTTP/1.1" 500 979216
2021-06-29 06:53:55 - ERROR - ViewException in 0 on line 0
2021-06-29 06:53:55 - ERROR - "GET / HTTP/1.1" 500 979346
2021-06-29 06:54:32 - INFO - "GET / HTTP/1.1" 200 1947
2021-06-29 06:54:32 - INFO - "GET /favicon.ico HTTP/1.1" 200 1739
2021-06-29 06:54:32 - INFO - "GET / HTTP/1.1" 200 1955
2021-06-29 06:54:32 - INFO - "GET /favicon.ico HTTP/1.1" 200 1739
2021-06-29 06:54:32 - INFO - "GET / HTTP/1.1" 200 1955
2021-06-29 06:54:32 - INFO - "GET /favicon.ico HTTP/1.1" 200 1739
2021-06-29 06:54:32 - INFO - "GET / HTTP/1.1" 200 1955
2021-06-29 06:54:32 - INFO - "GET /favicon.ico HTTP/1.1" 200 1739
2021-06-29 06:56:13 - INFO - "GET / HTTP/1.1" 200 2718
2021-06-29 06:56:13 - INFO - "GET /favicon.ico HTTP/1.1" 200 1739
2021-06-29 06:56:13 - INFO - "GET / HTTP/1.1" 200 2702
2021-06-29 06:56:13 - INFO - "GET /favicon.ico HTTP/1.1" 200 1739
2021-06-29 06:57:58 - INFO - "GET / HTTP/1.1" 200 2702
2021-06-29 06:57:58 - INFO - "GET /favicon.ico HTTP/1.1" 200 1739
2021-06-29 06:57:58 - INFO - "GET / HTTP/1.1" 200 2689
2021-06-29 06:57:58 - INFO - "GET /favicon.ico HTTP/1.1" 200 1739
2021-06-29 06:57:58 - INFO - "GET / HTTP/1.1" 200 2689
2021-06-29 06:57:58 - INFO - "GET /favicon.ico HTTP/1.1" 200 1739
2021-06-29 06:57:58 - INFO - "GET / HTTP/1.1" 200 2689
2021-06-29 06:57:58 - INFO - "GET /favicon.ico HTTP/1.1" 200 1739
2021-06-29 06:57:58 - INFO - "GET / HTTP/1.1" 200 2689
2021-06-29 06:57:58 - INFO - "GET /favicon.ico HTTP/1.1" 200 1739
2021-06-29 07:00:05 - INFO - "GET / HTTP/1.1" 200 2689
2021-06-29 07:00:05 - INFO - "GET /favicon.ico HTTP/1.1" 200 1739
2021-06-29 07:00:05 - INFO - "GET / HTTP/1.1" 200 2689
2021-06-29 07:00:05 - INFO - "GET /favicon.ico HTTP/1.1" 200 1739
2021-06-29 07:00:05 - INFO - "GET / HTTP/1.1" 200 2689
2021-06-29 07:00:05 - INFO - "GET /favicon.ico HTTP/1.1" 200 1739
2021-06-29 07:00:05 - INFO - "GET / HTTP/1.1" 200 2689
2021-06-29 07:00:05 - INFO - "GET /favicon.ico HTTP/1.1" 200 1739
2021-06-29 07:00:36 - INFO - "GET / HTTP/1.1" 200 2689
2021-06-29 07:00:36 - INFO - "GET /favicon.ico HTTP/1.1" 200 1739
2021-06-29 07:02:18 - INFO - "GET / HTTP/1.1" 200 2685
2021-06-29 07:02:18 - INFO - "GET /favicon.ico HTTP/1.1" 200 1739
2021-06-29 07:02:45 - ERROR - UndefinedError in 0 on line 0
2021-06-29 07:02:45 - ERROR - "GET / HTTP/1.1" 500 1101688
2021-06-29 07:03:14 - INFO - "GET / HTTP/1.1" 200 2691
2021-06-29 07:03:14 - INFO - "GET /favicon.ico HTTP/1.1" 200 1739
2021-06-29 07:03:14 - INFO - "GET / HTTP/1.1" 200 2691
2021-06-29 07:03:14 - INFO - "GET /favicon.ico HTTP/1.1" 200 1739
2021-06-29 07:03:14 - INFO - "GET / HTTP/1.1" 200 2756
2021-06-29 07:03:14 - INFO - "GET /favicon.ico HTTP/1.1" 200 1739
2021-06-29 07:03:14 - INFO - "GET / HTTP/1.1" 200 2756
2021-06-29 07:03:14 - INFO - "GET /favicon.ico HTTP/1.1" 200 1739
2021-06-29 07:06:20 - INFO - "GET / HTTP/1.1" 200 2719
2021-06-29 07:06:20 - INFO - "GET /favicon.ico HTTP/1.1" 200 1739
2021-06-29 07:06:20 - INFO - "GET / HTTP/1.1" 200 2757
2021-06-29 07:06:20 - INFO - "GET /favicon.ico HTTP/1.1" 200 1739
2021-06-29 07:06:20 - INFO - "GET / HTTP/1.1" 200 2757
2021-06-29 07:06:20 - INFO - "GET /favicon.ico HTTP/1.1" 200 1739
2021-06-29 07:06:20 - INFO - "GET / HTTP/1.1" 200 2757
2021-06-29 07:06:20 - INFO - "GET /favicon.ico HTTP/1.1" 200 1739
2021-06-29 07:06:20 - INFO - "GET / HTTP/1.1" 200 2719
2021-06-29 07:06:20 - INFO - "GET /favicon.ico HTTP/1.1" 200 1739
2021-06-29 07:06:20 - INFO - "GET / HTTP/1.1" 200 2731
2021-06-29 07:06:20 - INFO - "GET /favicon.ico HTTP/1.1" 200 1739
